<?xml version="1.0" encoding="UTF-8"?>
<!-- Generated by org.testng.reporters.JUnitXMLReporter -->
<testsuite hostname="DESKTOP-0M28FOR" ignored="0" name="Default test" tests="2" failures="0" timestamp="12 Apr 2018 06:51:33 GMT" time="0.11" errors="0">
  <testcase name="Firstmethod" time="0.028" classname="com.aditya.homePage.TestNGTest"/>
  <testcase name="Secondmethod" time="0.007" classname="com.aditya.homePage.TestNGTest">
    <skipped/>
  </testcase> <!-- Secondmethod -->
</testsuite> <!-- Default test -->
