<?xml version="1.0" encoding="UTF-8"?>
<testng-results skipped="0" failed="1" ignored="0" total="1" passed="0">
  <reporter-output>
  </reporter-output>
  <suite name="Default suite" duration-ms="11689" started-at="2018-06-14T00:38:02Z" finished-at="2018-06-14T00:38:13Z">
    <groups>
    </groups>
    <test name="Default test" duration-ms="11689" started-at="2018-06-14T00:38:02Z" finished-at="2018-06-14T00:38:13Z">
      <class name="com.rajesh.MyContactForm.MyContactForm_Login">
        <test-method status="PASS" signature="testStart()[pri:0, instance:com.rajesh.MyContactForm.MyContactForm_Login@78ac1102]" name="testStart" is-config="true" duration-ms="250" started-at="2018-06-14T00:38:02Z" finished-at="2018-06-14T00:38:02Z">
          <reporter-output>
          </reporter-output>
        </test-method> <!-- testStart -->
        <test-method status="PASS" signature="setUp()[pri:0, instance:com.rajesh.MyContactForm.MyContactForm_Login@78ac1102]" name="setUp" is-config="true" duration-ms="5071" started-at="2018-06-14T00:38:02Z" finished-at="2018-06-14T00:38:07Z">
          <reporter-output>
          </reporter-output>
        </test-method> <!-- setUp -->
        <test-method status="PASS" signature="beforeMethod(java.lang.reflect.Method)[pri:0, instance:com.rajesh.MyContactForm.MyContactForm_Login@78ac1102]" name="beforeMethod" is-config="true" duration-ms="4" started-at="2018-06-14T00:38:07Z" finished-at="2018-06-14T00:38:07Z">
          <params>
            <param index="0">
              <value>
                <![CDATA[public void com.rajesh.MyContactForm.MyContactForm_Login.userlogin(java.lang.String,java.lang.String) throws java.lang.Exception]]>
              </value>
            </param>
          </params>
          <reporter-output>
          </reporter-output>
        </test-method> <!-- beforeMethod -->
        <test-method status="FAIL" signature="userlogin(java.lang.String, java.lang.String)[pri:0, instance:com.rajesh.MyContactForm.MyContactForm_Login@78ac1102]" name="userlogin" duration-ms="4181" started-at="2018-06-14T00:38:07Z" data-provider="MyContatcForm Registration data" finished-at="2018-06-14T00:38:12Z">
          <params>
            <param index="0">
              <value>
                <![CDATA[rajeshd3249]]>
              </value>
            </param>
            <param index="1">
              <value>
                <![CDATA[123456.0]]>
              </value>
            </param>
          </params>
          <exception class="java.lang.NullPointerException">
            <full-stacktrace>
              <![CDATA[java.lang.NullPointerException
at com.rajesh.MyContactForm.MyContactForm_Login.userlogin(MyContactForm_Login.java:38)
at sun.reflect.NativeMethodAccessorImpl.invoke0(Native Method)
at sun.reflect.NativeMethodAccessorImpl.invoke(Unknown Source)
at sun.reflect.DelegatingMethodAccessorImpl.invoke(Unknown Source)
at java.lang.reflect.Method.invoke(Unknown Source)
at org.testng.internal.MethodInvocationHelper.invokeMethod(MethodInvocationHelper.java:124)
at org.testng.internal.Invoker.invokeMethod(Invoker.java:580)
at org.testng.internal.Invoker.invokeTestMethod(Invoker.java:716)
at org.testng.internal.Invoker.invokeTestMethods(Invoker.java:988)
at org.testng.internal.TestMethodWorker.invokeTestMethods(TestMethodWorker.java:125)
at org.testng.internal.TestMethodWorker.run(TestMethodWorker.java:109)
at org.testng.TestRunner.privateRun(TestRunner.java:648)
at org.testng.TestRunner.run(TestRunner.java:505)
at org.testng.SuiteRunner.runTest(SuiteRunner.java:455)
at org.testng.SuiteRunner.runSequentially(SuiteRunner.java:450)
at org.testng.SuiteRunner.privateRun(SuiteRunner.java:415)
at org.testng.SuiteRunner.run(SuiteRunner.java:364)
at org.testng.SuiteRunnerWorker.runSuite(SuiteRunnerWorker.java:52)
at org.testng.SuiteRunnerWorker.run(SuiteRunnerWorker.java:84)
at org.testng.TestNG.runSuitesSequentially(TestNG.java:1208)
at org.testng.TestNG.runSuitesLocally(TestNG.java:1137)
at org.testng.TestNG.runSuites(TestNG.java:1049)
at org.testng.TestNG.run(TestNG.java:1017)
at org.testng.remote.AbstractRemoteTestNG.run(AbstractRemoteTestNG.java:114)
at org.testng.remote.RemoteTestNG.initAndRun(RemoteTestNG.java:251)
at org.testng.remote.RemoteTestNG.main(RemoteTestNG.java:77)
]]>
            </full-stacktrace>
          </exception> <!-- java.lang.NullPointerException -->
          <reporter-output>
          </reporter-output>
        </test-method> <!-- userlogin -->
        <test-method status="PASS" signature="afterMethod(org.testng.ITestResult)[pri:0, instance:com.rajesh.MyContactForm.MyContactForm_Login@78ac1102]" name="afterMethod" is-config="true" duration-ms="371" started-at="2018-06-14T00:38:12Z" finished-at="2018-06-14T00:38:12Z">
          <params>
            <param index="0">
              <value>
                <![CDATA[[TestResult name=userlogin status=FAILURE method=MyContactForm_Login.userlogin(java.lang.String, java.lang.String)[pri:0, instance:com.rajesh.MyContactForm.MyContactForm_Login@78ac1102] output={null}]]]>
              </value>
            </param>
          </params>
          <reporter-output>
          </reporter-output>
        </test-method> <!-- afterMethod -->
        <test-method status="PASS" signature="tearDown()[pri:0, instance:com.rajesh.MyContactForm.MyContactForm_Login@78ac1102]" name="tearDown" is-config="true" duration-ms="862" started-at="2018-06-14T00:38:12Z" finished-at="2018-06-14T00:38:13Z">
          <reporter-output>
          </reporter-output>
        </test-method> <!-- tearDown -->
        <test-method status="PASS" signature="testResult()[pri:0, instance:com.rajesh.MyContactForm.MyContactForm_Login@78ac1102]" name="testResult" is-config="true" duration-ms="305" started-at="2018-06-14T00:38:13Z" finished-at="2018-06-14T00:38:13Z">
          <reporter-output>
          </reporter-output>
        </test-method> <!-- testResult -->
      </class> <!-- com.rajesh.MyContactForm.MyContactForm_Login -->
    </test> <!-- Default test -->
  </suite> <!-- Default suite -->
</testng-results>
